Arguments: 
  C:\Program Files\nodejs\node.exe C:\Users\Chris\AppData\Roaming\npm\node_modules\yarn\bin\yarn.js add pdf-creator-node

PATH: 
  C:\Windows\system32;C:\Windows;C:\Windows\System32\Wbem;C:\Windows\System32\WindowsPowerShell\v1.0\;C:\Windows\System32\OpenSSH\;C:\Program Files\Microsoft SQL Server\120\Tools\Binn\;C:\Program Files (x86)\Git\cmd;C:\composer;C:\Program Files\dotnet\;C:\Program Files\MySQL\MySQL Server 5.5\bin;C:\Program Files\nodejs\;C:\Users\Chris\AppData\Local\Microsoft\WindowsApps;C:\Program Files\JetBrains\IntelliJ IDEA Community Edition 2021.3\bin;C:\xampp\php;C:\Users\Chris\AppData\Local\ComposerSetup\bin;C:\Users\Chris\AppData\Roaming\Composer\vendor\bin;C:\Users\Chris\AppData\Local\Programs\Microsoft VS Code\bin;C:\ProgramData\Chris\GitHubDesktop\bin;C:\Users\Chris\AppData\Roaming\npm

Yarn version: 
  1.22.18

Node version: 
  16.14.2

Platform: 
  win32 x64

Trace: 
  Error: https://registry.yarnpkg.com/body-parser: tunneling socket could not be established, cause=connect ECONNREFUSED 127.0.0.1:80
      at ClientRequest.onError (C:\Users\Chris\AppData\Roaming\npm\node_modules\yarn\lib\cli.js:152369:17)
      at Object.onceWrapper (node:events:646:26)
      at ClientRequest.emit (node:events:526:28)
      at Socket.socketErrorListener (node:_http_client:442:9)
      at Socket.emit (node:events:526:28)
      at emitErrorNT (node:internal/streams/destroy:157:8)
      at emitErrorCloseNT (node:internal/streams/destroy:122:3)
      at processTicksAndRejections (node:internal/process/task_queues:83:21)

npm manifest: 
  {
    "dependencies": {
      "body-parser": "^1.20.0",
      "cors": "^2.8.5",
      "csvtojson": "^2.0.10",
      "dotenv": "^16.0.0",
      "ejs": "^3.1.6",
      "express": "^4.17.3",
      "json2csv": "^5.0.7",
      "jsonwebtoken": "^8.5.1",
      "mysql2": "^2.3.3",
      "nodemon": "^2.0.15",
      "pdf-creator-node": "^2.3.4",
      "validator": "^13.7.0"
    },
    "name": "back",
    "version": "1.0.0",
    "main": "index.js",
    "scripts": {
      "start": "nodemon server.js",
      "test": "echo \"Error: no test specified\" && exit 1"
    },
    "keywords": [],
    "author": "",
    "license": "ISC",
    "description": ""
  }

yarn manifest: 
  No manifest

Lockfile: 
  No lockfile
